\BOOKMARK [1][-]{section.1}{Introduction}{}% 1
\BOOKMARK [1][-]{section.2}{The free energy}{}% 2
\BOOKMARK [2][-]{subsection.2.1}{Minimization of the Free Energy}{section.2}% 3
\BOOKMARK [2][-]{subsection.2.2}{Single Nucleus Approximation}{section.2}% 4
\BOOKMARK [2][-]{subsection.2.3}{Zero Temperature Limit}{section.2}% 5
\BOOKMARK [2][-]{subsection.2.4}{Connection to NSE}{section.2}% 6
\BOOKMARK [3][-]{subsubsection.2.4.1}{Basic NSE}{subsection.2.4}% 7
\BOOKMARK [3][-]{subsubsection.2.4.2}{NSE with Excluded Volume Correction}{subsection.2.4}% 8
\BOOKMARK [3][-]{subsubsection.2.4.3}{Relation of Multi-nucleus Gibbs to NSE}{subsection.2.4}% 9
\BOOKMARK [2][-]{subsection.2.5}{Connection to Gibbs Phase Equilibrium}{section.2}% 10
\BOOKMARK [2][-]{subsection.2.6}{Connection to the Single Nucleus Approximation}{section.2}% 11
\BOOKMARK [1][-]{section.3}{Thermodynamic Quantities}{}% 12
\BOOKMARK [1][-]{section.4}{Model for Finite Size Effects}{}% 13
\BOOKMARK [2][-]{subsection.4.1}{Coulomb Corrections}{section.4}% 14
\BOOKMARK [2][-]{subsection.4.2}{Surface Tension}{section.4}% 15
\BOOKMARK [1][-]{section.5}{Dealing with nuclear inversion}{}% 16
\BOOKMARK [1][-]{section.6}{Numerics}{}% 17
\BOOKMARK [2][-]{subsection.6.1}{Gibbs Phase Equilibrium Solver}{section.6}% 18
\BOOKMARK [2][-]{subsection.6.2}{NSE Solver}{section.6}% 19
\BOOKMARK [1][-]{section.7}{Uniform Matter Thermodynamics}{}% 20
